<?xml version="1.0" encoding="UTF-8"?>
<testng-results ignored="0" total="7" passed="7" failed="0" skipped="0">
  <reporter-output>
  </reporter-output>
  <suite started-at="2026-05-18T11:59:42 IST" name="Surefire suite" finished-at="2026-05-18T12:00:25 IST" duration-ms="42605">
    <groups>
      <group name="cucumber">
        <method signature="AbstractTestNGCucumberTests.runScenario(io.cucumber.testng.PickleWrapper,io.cucumber.testng.FeatureWrapper)[pri:0, instance:runner.TestRunner@c88a337]" name="runScenario" class="io.cucumber.testng.AbstractTestNGCucumberTests"/>
      </group> <!-- cucumber -->
    </groups>
    <test started-at="2026-05-18T11:59:42 IST" name="Surefire test" finished-at="2026-05-18T12:00:25 IST" duration-ms="42605">
      <class name="runner.TestRunner">
        <test-method is-config="true" signature="setUpClass(org.testng.ITestContext)[pri:0, instance:runner.TestRunner@c88a337]" started-at="2026-05-18T11:59:42 IST" name="setUpClass" finished-at="2026-05-18T11:59:42 IST" duration-ms="261" status="PASS">
          <params>
            <param index="0">
              <value>
                <![CDATA[org.testng.TestRunner@112f364d]]>
              </value>
            </param>
          </params>
          <reporter-output>
          </reporter-output>
        </test-method> <!-- setUpClass -->
        <test-method signature="runScenario(io.cucumber.testng.PickleWrapper,io.cucumber.testng.FeatureWrapper)[pri:0, instance:runner.TestRunner@c88a337]" started-at="2026-05-18T11:59:42 IST" name="runScenario" description="Runs Cucumber Scenarios" data-provider="scenarios" finished-at="2026-05-18T12:00:17 IST" duration-ms="34709" status="PASS">
          <params>
            <param index="0">
              <value>
                <![CDATA["Verify Page Navigation Details"]]>
              </value>
            </param>
            <param index="1">
              <value>
                <![CDATA["Playwright Advanced Features Demonstration"]]>
              </value>
            </param>
          </params>
          <reporter-output>
          </reporter-output>
        </test-method> <!-- runScenario -->
        <test-method signature="runScenario(io.cucumber.testng.PickleWrapper,io.cucumber.testng.FeatureWrapper)[pri:0, instance:runner.TestRunner@c88a337]" started-at="2026-05-18T11:59:42 IST" name="runScenario" description="Runs Cucumber Scenarios" data-provider="scenarios" finished-at="2026-05-18T12:00:21 IST" duration-ms="38835" status="PASS">
          <params>
            <param index="0">
              <value>
                <![CDATA["Verify Cross Browser Execution"]]>
              </value>
            </param>
            <param index="1">
              <value>
                <![CDATA["Playwright Advanced Features Demonstration"]]>
              </value>
            </param>
          </params>
          <reporter-output>
          </reporter-output>
        </test-method> <!-- runScenario -->
        <test-method signature="runScenario(io.cucumber.testng.PickleWrapper,io.cucumber.testng.FeatureWrapper)[pri:0, instance:runner.TestRunner@c88a337]" started-at="2026-05-18T11:59:42 IST" name="runScenario" description="Runs Cucumber Scenarios" data-provider="scenarios" finished-at="2026-05-18T12:00:16 IST" duration-ms="34092" status="PASS">
          <params>
            <param index="0">
              <value>
                <![CDATA["Verify Mobile Emulation Functionality"]]>
              </value>
            </param>
            <param index="1">
              <value>
                <![CDATA["Playwright Advanced Features Demonstration"]]>
              </value>
            </param>
          </params>
          <reporter-output>
          </reporter-output>
        </test-method> <!-- runScenario -->
        <test-method signature="runScenario(io.cucumber.testng.PickleWrapper,io.cucumber.testng.FeatureWrapper)[pri:0, instance:runner.TestRunner@c88a337]" started-at="2026-05-18T11:59:42 IST" name="runScenario" description="Runs Cucumber Scenarios" data-provider="scenarios" finished-at="2026-05-18T12:00:10 IST" duration-ms="27675" status="PASS">
          <params>
            <param index="0">
              <value>
                <![CDATA["Verify Playwright Auto Wait Functionality"]]>
              </value>
            </param>
            <param index="1">
              <value>
                <![CDATA["IPL Points Table Validation"]]>
              </value>
            </param>
          </params>
          <reporter-output>
          </reporter-output>
        </test-method> <!-- runScenario -->
        <test-method signature="runScenario(io.cucumber.testng.PickleWrapper,io.cucumber.testng.FeatureWrapper)[pri:0, instance:runner.TestRunner@c88a337]" started-at="2026-05-18T11:59:42 IST" name="runScenario" description="Runs Cucumber Scenarios" data-provider="scenarios" finished-at="2026-05-18T12:00:25 IST" duration-ms="42293" status="PASS">
          <params>
            <param index="0">
              <value>
                <![CDATA["Verify IPL Table Data"]]>
              </value>
            </param>
            <param index="1">
              <value>
                <![CDATA["IPL Points Table Validation"]]>
              </value>
            </param>
          </params>
          <reporter-output>
          </reporter-output>
        </test-method> <!-- runScenario -->
        <test-method signature="runScenario(io.cucumber.testng.PickleWrapper,io.cucumber.testng.FeatureWrapper)[pri:0, instance:runner.TestRunner@c88a337]" started-at="2026-05-18T11:59:42 IST" name="runScenario" description="Runs Cucumber Scenarios" data-provider="scenarios" finished-at="2026-05-18T12:00:22 IST" duration-ms="39577" status="PASS">
          <params>
            <param index="0">
              <value>
                <![CDATA["Verify Browser Information"]]>
              </value>
            </param>
            <param index="1">
              <value>
                <![CDATA["Playwright Advanced Features Demonstration"]]>
              </value>
            </param>
          </params>
          <reporter-output>
          </reporter-output>
        </test-method> <!-- runScenario -->
        <test-method signature="runScenario(io.cucumber.testng.PickleWrapper,io.cucumber.testng.FeatureWrapper)[pri:0, instance:runner.TestRunner@c88a337]" started-at="2026-05-18T11:59:42 IST" name="runScenario" description="Runs Cucumber Scenarios" data-provider="scenarios" finished-at="2026-05-18T12:00:19 IST" duration-ms="36805" status="PASS">
          <params>
            <param index="0">
              <value>
                <![CDATA["Verify Screenshot And Scroll Functionality"]]>
              </value>
            </param>
            <param index="1">
              <value>
                <![CDATA["IPL Points Table Validation"]]>
              </value>
            </param>
          </params>
          <reporter-output>
          </reporter-output>
        </test-method> <!-- runScenario -->
        <test-method is-config="true" signature="tearDownClass()[pri:0, instance:runner.TestRunner@c88a337]" started-at="2026-05-18T12:00:25 IST" name="tearDownClass" finished-at="2026-05-18T12:00:25 IST" duration-ms="3" status="PASS">
          <reporter-output>
          </reporter-output>
        </test-method> <!-- tearDownClass -->
      </class> <!-- runner.TestRunner -->
    </test> <!-- Surefire test -->
  </suite> <!-- Surefire suite -->
</testng-results>
