<?xml version="1.0" encoding="UTF-8"?>
<testsuite xmlns:xsi="http://www.w3.org/2001/XMLSchema-instance" xsi:noNamespaceSchemaLocation="https://maven.apache.org/surefire/maven-surefire-plugin/xsd/surefire-test-report-3.0.xsd" version="3.0" name="runner.TestRunner" time="50.389" tests="7" errors="0" skipped="0" failures="0">
  <properties>
[...]
</properties>
  <testcase name="runScenario[&quot;Verify Playwright Auto Wait Functionality&quot;, &quot;IPL Points Table Validation&quot;](1)" classname="runner.TestRunner" time="9.505">
    <system-out><![CDATA[
Scenario: Verify Playwright Auto Wait Functionality &amp#27;[90m# src/test/resources/features/IPLPointTableValidation.feature:7&amp#27;[0m
  &amp#27;[32mGiven &amp#27;[0m&amp#27;[32mUser launches the IPL table page&amp#27;[0m            &amp#27;[90m# stepdefinitions.IPLPointTableValidationStepDefs.i_am_on_the_ipl_points_table_page()&amp#27;[0m
  &amp#27;[32mWhen &amp#27;[0m&amp#27;[32mUser scrolls to the bottom of the page&amp#27;[0m       &amp#27;[90m# stepdefinitions.IPLPointTableValidationStepDefs.i_search_for_team()&amp#27;[0m
  &amp#27;[32mAnd &amp#27;[0m&amp#27;[32mUser fetches the top IPL team&amp#27;[0m                 &amp#27;[90m# stepdefinitions.IPLPointTableValidationStepDefs.i_should_see_as_the_top_team()&amp#27;[0m
Top Team: GT
  &amp#27;[32mThen &amp#27;[0m&amp#27;[32mTop IPL team should be displayed&amp#27;[0m             &amp#27;[90m# stepdefinitions.IPLPointTableValidationStepDefs.top_ipl_team_should_be_displayed()&amp#27;[0m
]]></system-out>
    <system-err><![CDATA[SLF4J: Failed to load class "org.slf4j.impl.StaticLoggerBinder".
SLF4J: Defaulting to no-operation (NOP) logger implementation
SLF4J: See http://www.slf4j.org/codes.html#StaticLoggerBinder for further details.
]]></system-err>
  </testcase>
  <testcase name="runScenario[&quot;Verify IPL Table Data&quot;, &quot;IPL Points Table Validation&quot;](2)" classname="runner.TestRunner" time="6.436">
    <system-out><![CDATA[
Scenario: Verify IPL Table Data                             &amp#27;[90m# src/test/resources/features/IPLPointTableValidation.feature:11&amp#27;[0m
  &amp#27;[32mGiven &amp#27;[0m&amp#27;[32mUser launches the IPL table page&amp#27;[0m                    &amp#27;[90m# stepdefinitions.IPLPointTableValidationStepDefs.i_am_on_the_ipl_points_table_page()&amp#27;[0m
  &amp#27;[32mWhen &amp#27;[0m&amp#27;[32mUser scrolls to the bottom of the page&amp#27;[0m               &amp#27;[90m# stepdefinitions.IPLPointTableValidationStepDefs.i_search_for_team()&amp#27;[0m
[]
[ 1 ,   ,       GT   , 12, 8, 4, 0, 0.551, 2111/230.4, 2047/238.0, 16,  WWWWW ]
[ 2 ,   ,       RCB   , 11, 7, 4, 0, 1.103, 2026/195.1, 1973/212.4, 14,  WLLWW ]
[ 3 ,   ,       SRH   , 12, 7, 5, 0, 0.331, 2418/237.1, 2295/232.4, 14,  LWLWW ]
[ 4 ,   ,       PBKS   , 11, 6, 4, 1, 0.428, 2112/192.0, 2095/198.1, 13,  LLLLW ]
[ 5 ,   ,       CSK   , 11, 6, 5, 0, 0.185, 2023/215.0, 1914/207.3, 12,  WWWLW ]
[ 6 ,   ,       RR   , 11, 6, 5, 0, 0.082, 1996/200.3, 2057/208.2, 12,  LLWLW ]
[ 7 ,   ,       DC   , 12, 5, 7, 0, -0.993, 2159/233.2, 2225/217.1, 10,  WLLWL ]
[ 8 ,   ,       KKR   , 10, 4, 5, 1, -0.169, 1534/172.2, 1622/178.5, 9,  WWWWL ]
[ 9 ,   ,       MI   , 11, 3, 8, 0, -0.585, 2026/208.5, 2083/202.3, 6,  LWLLL ]
[ 10 ,   ,       LSG   , 11, 3, 8, 0, -0.907, 1910/218.5, 2004/208.0, 6,  LWLLL ]
[Batsman, Indian, 
                                                            
                                                        ]
[, ]
[]
[]
[A 22-year old opening batsman who hails from Pune, Ruturaj Gaikwad has been a consistent performer for his state team Maharashtra. He was the highest run-getter for Maharashtra in the league stage of the Syed Mushtaq Ali Trophy 2018-19. At the IPL 2019 Player Auction, the Chennai Super Kings secured his services at his base price of INR 20 lacs., ]
  &amp#27;[32mAnd &amp#27;[0m&amp#27;[32mUser prints the IPL points table&amp#27;[0m                      &amp#27;[90m# stepdefinitions.IPLPointTableValidationStepDefs.user_prints_the_ipl_points_table()&amp#27;[0m
Total Teams: 16
  &amp#27;[32mThen &amp#27;[0m&amp#27;[32mTotal IPL teams should be greater than 0&amp#27;[0m             &amp#27;[90m# stepdefinitions.IPLPointTableValidationStepDefs.total_ipl_teams_should_be_greater_than_0()&amp#27;[0m
Top Team Points: 2047/238.0
  &amp#27;[32mAnd &amp#27;[0m&amp#27;[32mTop IPL team points should be displayed&amp#27;[0m               &amp#27;[90m# stepdefinitions.IPLPointTableValidationStepDefs.top_ipl_team_points_should_be_displayed()&amp#27;[0m
Is Team Present: true
  &amp#27;[32mAnd &amp#27;[0m&amp#27;[32mTeam &amp#27;[0m&amp#27;[32m&amp#27;[1m"MI"&amp#27;[0m&amp#27;[32m should be present in the table&amp#27;[0m              &amp#27;[90m# stepdefinitions.IPLPointTableValidationStepDefs.team_should_be_present_in_the_table(java.lang.String)&amp#27;[0m
GT
RCB
SRH
PBKS
CSK
RR
DC
KKR
MI
LSG
  &amp#27;[32mAnd &amp#27;[0m&amp#27;[32mUser prints all IPL team names&amp#27;[0m                        &amp#27;[90m# stepdefinitions.IPLPointTableValidationStepDefs.user_prints_all_ipl_team_names()&amp#27;[0m
Screenshot captured successfully
  &amp#27;[32mAnd &amp#27;[0m&amp#27;[32mUser captures screenshot with name &amp#27;[0m&amp#27;[32m&amp#27;[1m"ipl-points-table"&amp#27;[0m &amp#27;[90m# stepdefinitions.IPLPointTableValidationStepDefs.user_captures_screenshot_with_name(java.lang.String)&amp#27;[0m
]]></system-out>
  </testcase>
  <testcase name="runScenario[&quot;Verify Screenshot And Scroll Functionality&quot;, &quot;IPL Points Table Validation&quot;](3)" classname="runner.TestRunner" time="5.89">
    <system-out><![CDATA[
Scenario: Verify Screenshot And Scroll Functionality       &amp#27;[90m# src/test/resources/features/IPLPointTableValidation.feature:19&amp#27;[0m
  &amp#27;[32mGiven &amp#27;[0m&amp#27;[32mUser launches the IPL table page&amp#27;[0m                   &amp#27;[90m# stepdefinitions.IPLPointTableValidationStepDefs.i_am_on_the_ipl_points_table_page()&amp#27;[0m
  &amp#27;[32mWhen &amp#27;[0m&amp#27;[32mUser scrolls to the bottom of the page&amp#27;[0m              &amp#27;[90m# stepdefinitions.IPLPointTableValidationStepDefs.i_search_for_team()&amp#27;[0m
Scrolled to bottom successfully
  &amp#27;[32mThen &amp#27;[0m&amp#27;[32mScroll should be successful&amp#27;[0m                         &amp#27;[90m# stepdefinitions.IPLPointTableValidationStepDefs.scroll_should_be_successful()&amp#27;[0m
Screenshot captured successfully
  &amp#27;[32mAnd &amp#27;[0m&amp#27;[32mUser captures screenshot with name &amp#27;[0m&amp#27;[32m&amp#27;[1m"ipl-scroll-page"&amp#27;[0m &amp#27;[90m# stepdefinitions.IPLPointTableValidationStepDefs.user_captures_screenshot_with_name(java.lang.String)&amp#27;[0m
]]></system-out>
  </testcase>
  <testcase name="runScenario[&quot;Verify Cross Browser Execution&quot;, &quot;Playwright Advanced Features Demonstration&quot;](4)" classname="runner.TestRunner" time="6.43">
    <system-out><![CDATA[
Scenario: Verify Cross Browser Execution      &amp#27;[90m# src/test/resources/features/PlaywrightAdvancedFeatures.feature:6&amp#27;[0m
  &amp#27;[32mGiven &amp#27;[0m&amp#27;[32mUser launches the IPL website&amp#27;[0m         &amp#27;[90m# stepdefinitions.PlaywrightAdvancedFeaturesStepDef.user_launches_the_ipl_website()&amp#27;[0m
Running on browser: firefox
  &amp#27;[32mWhen &amp#27;[0m&amp#27;[32mUser runs the framework on browser&amp#27;[0m     &amp#27;[90m# stepdefinitions.PlaywrightAdvancedFeaturesStepDef.user_runs_the_framework_on_browser()&amp#27;[0m
Page Title: IPL T20 | Indian Premier League Official Website
  &amp#27;[32mThen &amp#27;[0m&amp#27;[32mIPL website should launch successfully&amp#27;[0m &amp#27;[90m# stepdefinitions.PlaywrightAdvancedFeaturesStepDef.ipl_website_should_launch_successfully()&amp#27;[0m
]]></system-out>
  </testcase>
  <testcase name="runScenario[&quot;Verify Mobile Emulation Functionality&quot;, &quot;Playwright Advanced Features Demonstration&quot;](5)" classname="runner.TestRunner" time="6.577">
    <system-out><![CDATA[
Scenario: Verify Mobile Emulation Functionality     &amp#27;[90m# src/test/resources/features/PlaywrightAdvancedFeatures.feature:10&amp#27;[0m
  &amp#27;[32mGiven &amp#27;[0m&amp#27;[32mUser launches the IPL website&amp#27;[0m               &amp#27;[90m# stepdefinitions.PlaywrightAdvancedFeaturesStepDef.user_launches_the_ipl_website()&amp#27;[0m
Mobile view launched successfully
  &amp#27;[32mWhen &amp#27;[0m&amp#27;[32mUser launches IPL website in mobile view&amp#27;[0m     &amp#27;[90m# stepdefinitions.PlaywrightAdvancedFeaturesStepDef.user_launches_ipl_website_in_mobile_view()&amp#27;[0m
Mobile Width: 390
Mobile Height: 844
  &amp#27;[32mThen &amp#27;[0m&amp#27;[32mMobile view should be displayed successfully&amp#27;[0m &amp#27;[90m# stepdefinitions.PlaywrightAdvancedFeaturesStepDef.mobile_view_should_be_displayed_successfully()&amp#27;[0m
]]></system-out>
  </testcase>
  <testcase name="runScenario[&quot;Verify Page Navigation Details&quot;, &quot;Playwright Advanced Features Demonstration&quot;](6)" classname="runner.TestRunner" time="6.209">
    <system-out><![CDATA[
Scenario: Verify Page Navigation Details             &amp#27;[90m# src/test/resources/features/PlaywrightAdvancedFeatures.feature:14&amp#27;[0m
  &amp#27;[32mGiven &amp#27;[0m&amp#27;[32mUser launches the IPL website&amp#27;[0m                &amp#27;[90m# stepdefinitions.PlaywrightAdvancedFeaturesStepDef.user_launches_the_ipl_website()&amp#27;[0m
Current Page Title: IPL T20 | Indian Premier League Official Website
  &amp#27;[32mWhen &amp#27;[0m&amp#27;[32mUser gets current page title&amp#27;[0m                  &amp#27;[90m# stepdefinitions.PlaywrightAdvancedFeaturesStepDef.user_gets_current_page_title()&amp#27;[0m
Current Page URL: https://www.iplt20.com/
  &amp#27;[32mAnd &amp#27;[0m&amp#27;[32mUser gets current page URL&amp#27;[0m                     &amp#27;[90m# stepdefinitions.PlaywrightAdvancedFeaturesStepDef.user_gets_current_page_url()&amp#27;[0m
Page details fetched successfully
  &amp#27;[32mThen &amp#27;[0m&amp#27;[32mPage details should be displayed successfully&amp#27;[0m &amp#27;[90m# stepdefinitions.PlaywrightAdvancedFeaturesStepDef.page_details_should_be_displayed_successfully()&amp#27;[0m
]]></system-out>
  </testcase>
  <testcase name="runScenario[&quot;Verify Browser Information&quot;, &quot;Playwright Advanced Features Demonstration&quot;](7)" classname="runner.TestRunner" time="7.365">
    <system-out><![CDATA[
Scenario: Verify Browser Information                        &amp#27;[90m# src/test/resources/features/PlaywrightAdvancedFeatures.feature:19&amp#27;[0m
  &amp#27;[32mGiven &amp#27;[0m&amp#27;[32mUser launches the IPL website&amp#27;[0m                       &amp#27;[90m# stepdefinitions.PlaywrightAdvancedFeaturesStepDef.user_launches_the_ipl_website()&amp#27;[0m
Current Browser: firefox
  &amp#27;[32mWhen &amp#27;[0m&amp#27;[32mUser gets current browser details&amp#27;[0m                    &amp#27;[90m# stepdefinitions.PlaywrightAdvancedFeaturesStepDef.user_gets_current_browser_details()&amp#27;[0m
Browser information fetched successfully
  &amp#27;[32mThen &amp#27;[0m&amp#27;[32mBrowser information should be displayed successfully&amp#27;[0m &amp#27;[90m# stepdefinitions.PlaywrightAdvancedFeaturesStepDef.browser_information_should_be_displayed_successfully()&amp#27;[0m
]]></system-out>
  </testcase>
</testsuite>