<?xml version="1.0" encoding="UTF-8"?>
<!-- Generated by org.testng.reporters.JUnitReportReporter -->
<testsuite hostname="EPINHYDW1519" failures="0" tests="3" name="runner.TestRunner" time="31.603" errors="0" timestamp="2026-05-13T17:12:06 IST" skipped="0">
  <testcase classname="runner.TestRunner" name="runScenario" time="10.935"/>
  <testcase classname="runner.TestRunner" name="runScenario" time="10.186"/>
  <testcase classname="runner.TestRunner" name="runScenario" time="10.482"/>
</testsuite> <!-- runner.TestRunner -->
