<?xml version="1.0" encoding="UTF-8"?>
<!-- Generated by org.testng.reporters.JUnitReportReporter -->
<testsuite hostname="EPINHYDW10C1" failures="0" tests="7" name="runner.TestRunner" time="48.410" errors="0" timestamp="2026-05-13T20:43:32 IST" skipped="0">
  <testcase classname="runner.TestRunner" name="runScenario" time="6.436"/>
  <testcase classname="runner.TestRunner" name="runScenario" time="5.890"/>
  <testcase classname="runner.TestRunner" name="runScenario" time="6.209"/>
  <testcase classname="runner.TestRunner" name="runScenario" time="7.364"/>
  <testcase classname="runner.TestRunner" name="runScenario" time="6.430"/>
  <testcase classname="runner.TestRunner" name="runScenario" time="9.505"/>
  <testcase classname="runner.TestRunner" name="runScenario" time="6.576"/>
</testsuite> <!-- runner.TestRunner -->
